<?xml version="1.0" encoding="utf-8"?><testsuites name="pytest tests"><testsuite name="pytest" errors="0" failures="0" skipped="8" tests="13" time="0.962" timestamp="2025-09-02T04:56:10.396063+03:00" hostname="DESKTOP-9VVJV75"><testcase classname="tests.test_precision_policy" name="test_mixed_fft_disabled" time="0.000" /><testcase classname="tests.test_precision_policy" name="test_enforce_fp32_cuda" time="0.001"><skipped type="pytest.skip" message="CUDA not available">C:\Users\Moni\Documents\claudeprojects\Microscope\tests\test_precision_policy.py:35: CUDA not available</skipped></testcase><testcase classname="tests.test_precision_policy" name="test_assert_fp32_cuda_fails" time="0.000"><skipped type="pytest.skip" message="CUDA not available">C:\Users\Moni\Documents\claudeprojects\Microscope\tests\test_precision_policy.py:51: CUDA not available</skipped></testcase><testcase classname="tests.test_precision_policy" name="test_cpu_tensor_unchanged" time="0.001" /><testcase classname="tests.test_precision_policy" name="test_fft_precision_cuda" time="0.000"><skipped type="pytest.skip" message="CUDA not available">C:\Users\Moni\Documents\claudeprojects\Microscope\tests\test_precision_policy.py:76: CUDA not available</skipped></testcase><testcase classname="tests.test_precision_policy" name="test_get_precision_dtype" time="0.000" /><testcase classname="tests.test_precision_policy" name="test_bpm_vector_wide_cuda_precision" time="0.000"><skipped type="pytest.skip" message="CUDA not available">C:\Users\Moni\Documents\claudeprojects\Microscope\tests\test_precision_policy.py:109: CUDA not available</skipped></testcase><testcase classname="tests.test_precision_policy" name="test_bpm_split_step_cuda_precision" time="0.000"><skipped type="pytest.skip" message="CUDA not available">C:\Users\Moni\Documents\claudeprojects\Microscope\tests\test_precision_policy.py:138: CUDA not available</skipped></testcase><testcase classname="tests.test_precision_policy" name="test_as_multi_slice_cuda_precision" time="0.000"><skipped type="pytest.skip" message="CUDA not available">C:\Users\Moni\Documents\claudeprojects\Microscope\tests\test_precision_policy.py:163: CUDA not available</skipped></testcase><testcase classname="tests.test_precision_policy" name="test_as_multi_slice_cpu_fp64_intermediates" time="0.009" /><testcase classname="tests.test_precision_policy" name="test_cpu_gpu_parity" time="0.001"><skipped type="pytest.skip" message="CUDA not available">C:\Users\Moni\Documents\claudeprojects\Microscope\tests\test_precision_policy.py:228: CUDA not available</skipped></testcase><testcase classname="tests.test_precision_policy" name="test_precision_invariants_tracking" time="0.001"><skipped type="pytest.skip" message="CUDA not available">C:\Users\Moni\Documents\claudeprojects\Microscope\tests\test_precision_policy.py:290: CUDA not available</skipped></testcase><testcase classname="tests.test_precision_policy" name="test_no_mixed_precision_in_solvers" time="0.020" /></testsuite></testsuites>